TN:
SF:server\app.js
FN:9,(anonymous_1)
FN:15,(anonymous_2)
FNF:2
FNH:2
FNDA:1,(anonymous_1)
FNDA:1,(anonymous_2)
DA:1,1
DA:2,1
DA:3,1
DA:5,1
DA:6,1
DA:7,1
DA:8,1
DA:9,1
DA:10,1
DA:13,1
DA:15,1
DA:17,1
LF:12
LH:12
BRDA:13,0,0,1
BRDA:13,0,1,1
BRF:2
BRH:2
end_of_record
TN:
SF:server\controller\questions.js
FN:6,getAllQuestions
FN:10,getSingleQuestion
FN:12,(anonymous_8)
FN:14,(anonymous_9)
FN:22,postQuestion
FN:38,postAnswer
FN:40,(anonymous_12)
FNF:7
FNH:7
FNDA:1,getAllQuestions
FNDA:1,getSingleQuestion
FNDA:1,(anonymous_8)
FNDA:3,(anonymous_9)
FNDA:3,postQuestion
FNDA:2,postAnswer
FNDA:6,(anonymous_12)
DA:2,1
DA:3,1
DA:7,1
DA:12,1
DA:13,1
DA:14,3
DA:16,0
DA:23,3
DA:29,3
DA:30,2
DA:34,1
DA:35,1
DA:39,2
DA:40,6
DA:42,2
DA:43,1
DA:47,1
DA:48,0
DA:52,1
DA:53,1
DA:55,1
DA:62,1
LF:22
LH:20
BRDA:13,0,0,1
BRDA:13,0,1,0
BRDA:29,1,0,2
BRDA:29,1,1,1
BRDA:29,2,0,3
BRDA:29,2,1,2
BRDA:29,2,2,2
BRDA:42,3,0,1
BRDA:42,3,1,1
BRDA:47,4,0,0
BRDA:47,4,1,1
BRF:11
BRH:9
end_of_record
TN:
SF:server\model\answers.js
FNF:0
FNH:0
DA:1,1
DA:12,1
LF:2
LH:2
BRF:0
BRH:0
end_of_record
TN:
SF:server\model\question.js
FNF:0
FNH:0
DA:1,1
DA:19,1
LF:2
LH:2
BRF:0
BRH:0
end_of_record
TN:
SF:server\routes\question.js
FNF:0
FNH:0
DA:1,1
DA:2,1
DA:4,1
DA:6,1
DA:7,1
DA:8,1
DA:9,1
DA:11,1
LF:8
LH:8
BRF:0
BRH:0
end_of_record
TN:
SF:server\testing\questionTest.js
FN:8,(anonymous_1)
FN:9,(anonymous_2)
FN:12,(anonymous_3)
FN:20,(anonymous_4)
FN:21,(anonymous_5)
FN:24,(anonymous_6)
FN:33,(anonymous_7)
FN:34,(anonymous_8)
FN:37,(anonymous_9)
FN:46,(anonymous_10)
FN:47,(anonymous_11)
FN:56,(anonymous_12)
FN:64,(anonymous_13)
FN:65,(anonymous_14)
FN:73,(anonymous_15)
FN:83,(anonymous_16)
FN:84,(anonymous_17)
FN:92,(anonymous_18)
FN:102,(anonymous_19)
FN:103,(anonymous_20)
FN:111,(anonymous_21)
FN:121,(anonymous_22)
FN:122,(anonymous_23)
FN:130,(anonymous_24)
FNF:24
FNH:24
FNDA:1,(anonymous_1)
FNDA:1,(anonymous_2)
FNDA:1,(anonymous_3)
FNDA:1,(anonymous_4)
FNDA:1,(anonymous_5)
FNDA:1,(anonymous_6)
FNDA:1,(anonymous_7)
FNDA:1,(anonymous_8)
FNDA:1,(anonymous_9)
FNDA:1,(anonymous_10)
FNDA:1,(anonymous_11)
FNDA:1,(anonymous_12)
FNDA:1,(anonymous_13)
FNDA:1,(anonymous_14)
FNDA:1,(anonymous_15)
FNDA:1,(anonymous_16)
FNDA:1,(anonymous_17)
FNDA:1,(anonymous_18)
FNDA:1,(anonymous_19)
FNDA:1,(anonymous_20)
FNDA:1,(anonymous_21)
FNDA:1,(anonymous_22)
FNDA:1,(anonymous_23)
FNDA:1,(anonymous_24)
DA:1,1
DA:2,1
DA:3,1
DA:5,1
DA:6,1
DA:8,1
DA:9,1
DA:10,1
DA:13,1
DA:14,1
DA:15,1
DA:20,1
DA:21,1
DA:22,1
DA:25,1
DA:26,1
DA:27,1
DA:28,1
DA:33,1
DA:34,1
DA:35,1
DA:38,1
DA:39,1
DA:40,1
DA:41,1
DA:46,1
DA:47,1
DA:48,1
DA:53,1
DA:57,1
DA:58,1
DA:59,1
DA:64,1
DA:65,1
DA:66,1
DA:70,1
DA:74,1
DA:75,1
DA:76,1
DA:77,1
DA:78,1
DA:83,1
DA:84,1
DA:85,1
DA:89,1
DA:93,1
DA:94,1
DA:95,1
DA:96,1
DA:97,1
DA:102,1
DA:103,1
DA:104,1
DA:108,1
DA:112,1
DA:113,1
DA:114,1
DA:115,1
DA:116,1
DA:121,1
DA:122,1
DA:123,1
DA:127,1
DA:131,1
DA:132,1
DA:133,1
LF:66
LH:66
BRF:0
BRH:0
end_of_record
